# JRE version: OpenJDK Runtime Environment (17.0.11) (build 17.0.11+0--11852314)
# Java VM: OpenJDK 64-Bit Server VM (17.0.11+0--11852314, mixed mode, tiered, compressed oops, compressed class ptrs, g1 gc, windows-amd64)
GC Precious Log:
 CPUs: 8 total, 8 available
 Memory: 7934M
 Large Page Support: Disabled
 NUMA Support: Disabled
 Compressed Oops: Enabled (32-bit)
 Heap Region Size: 1M
 Heap Min Capacity: 8M
 Heap Initial Capacity: 124M
 Heap Max Capacity: 2G
 Pre-touch: Disabled
 Parallel Workers: 8
 Concurrent Workers: 2
 Concurrent Refinement Workers: 8
 Periodic GC: Disabled
Heap:
 garbage-first heap   total 438272K, used 181945K [0x0000000080000000, 0x0000000100000000)
  region size 1024K, 3 young (3072K), 3 survivors (3072K)
 Metaspace       used 142810K, committed 143744K, reserved 1179648K
  class space    used 19289K, committed 19776K, reserved 1048576K
GC Heap History (20 events):
Event: 663.968 GC heap after
{Heap after GC invocations=61 (full 0):
 garbage-first heap   total 367616K, used 151399K [0x0000000080000000, 0x0000000100000000)
  region size 1024K, 3 young (3072K), 3 survivors (3072K)
 Metaspace       used 119279K, committed 120000K, reserved 1179648K
  class space    used 15819K, committed 16128K, reserved 1048576K
}
Event: 666.212 GC heap before
{Heap before GC invocations=62 (full 0):
 garbage-first heap   total 367616K, used 280423K [0x0000000080000000, 0x0000000100000000)
  region size 1024K, 127 young (130048K), 3 survivors (3072K)
 Metaspace       used 123097K, committed 123904K, reserved 1179648K
  class space    used 16205K, committed 16576K, reserved 1048576K
}
Event: 666.219 GC heap after
{Heap after GC invocations=63 (full 0):
 garbage-first heap   total 367616K, used 160376K [0x0000000080000000, 0x0000000100000000)
  region size 1024K, 10 young (10240K), 10 survivors (10240K)
 Metaspace       used 123097K, committed 123904K, reserved 1179648K
  class space    used 16205K, committed 16576K, reserved 1048576K
}
Event: 666.260 GC heap before
{Heap before GC invocations=63 (full 0):
 garbage-first heap   total 367616K, used 166520K [0x0000000080000000, 0x0000000100000000)
  region size 1024K, 17 young (17408K), 10 survivors (10240K)
 Metaspace       used 123137K, committed 123968K, reserved 1179648K
  class space    used 16208K, committed 16576K, reserved 1048576K
}
Event: 666.302 GC heap after
{Heap after GC invocations=64 (full 0):
 garbage-first heap   total 437248K, used 149271K [0x0000000080000000, 0x0000000100000000)
  region size 1024K, 3 young (3072K), 3 survivors (3072K)
 Metaspace       used 123137K, committed 123968K, reserved 1179648K
  class space    used 16208K, committed 16576K, reserved 1048576K
}
Event: 668.433 GC heap before
{Heap before GC invocations=64 (full 0):
 garbage-first heap   total 437248K, used 348951K [0x0000000080000000, 0x0000000100000000)
  region size 1024K, 199 young (203776K), 3 survivors (3072K)
 Metaspace       used 141087K, committed 142016K, reserved 1179648K
  class space    used 19166K, committed 19648K, reserved 1048576K
}
Event: 668.441 GC heap after
{Heap after GC invocations=65 (full 0):
 garbage-first heap   total 437248K, used 152206K [0x0000000080000000, 0x0000000100000000)
  region size 1024K, 5 young (5120K), 5 survivors (5120K)
 Metaspace       used 141087K, committed 142016K, reserved 1179648K
  class space    used 19166K, committed 19648K, reserved 1048576K
}
Event: 856.966 GC heap before
{Heap before GC invocations=66 (full 0):
 garbage-first heap   total 437248K, used 412302K [0x0000000080000000, 0x0000000100000000)
  region size 1024K, 157 young (160768K), 5 survivors (5120K)
 Metaspace       used 141428K, committed 142400K, reserved 1179648K
  class space    used 19175K, committed 19648K, reserved 1048576K
}
Event: 857.104 GC heap after
{Heap after GC invocations=67 (full 0):
 garbage-first heap   total 438272K, used 172071K [0x0000000080000000, 0x0000000100000000)
  region size 1024K, 23 young (23552K), 23 survivors (23552K)
 Metaspace       used 141428K, committed 142400K, reserved 1179648K
  class space    used 19175K, committed 19648K, reserved 1048576K
}
Event: 857.142 GC heap before
{Heap before GC invocations=67 (full 0):
 garbage-first heap   total 438272K, used 173095K [0x0000000080000000, 0x0000000100000000)
  region size 1024K, 24 young (24576K), 23 survivors (23552K)
 Metaspace       used 141428K, committed 142400K, reserved 1179648K
  class space    used 19175K, committed 19648K, reserved 1048576K
}
Event: 857.341 GC heap after
{Heap after GC invocations=68 (full 0):
 garbage-first heap   total 438272K, used 169217K [0x0000000080000000, 0x0000000100000000)
  region size 1024K, 2 young (2048K), 2 survivors (2048K)
 Metaspace       used 141428K, committed 142400K, reserved 1179648K
  class space    used 19175K, committed 19648K, reserved 1048576K
}
Event: 1121.801 GC heap before
{Heap before GC invocations=68 (full 0):
 garbage-first heap   total 438272K, used 349441K [0x0000000080000000, 0x0000000100000000)
  region size 1024K, 179 young (183296K), 2 survivors (2048K)
 Metaspace       used 142714K, committed 143680K, reserved 1179648K
  class space    used 19290K, committed 19776K, reserved 1048576K
}
Event: 1122.713 GC heap after
{Heap after GC invocations=69 (full 0):
 garbage-first heap   total 438272K, used 188165K [0x0000000080000000, 0x0000000100000000)
  region size 1024K, 21 young (21504K), 21 survivors (21504K)
 Metaspace       used 142714K, committed 143680K, reserved 1179648K
  class space    used 19290K, committed 19776K, reserved 1048576K
}
Event: 1122.901 GC heap before
{Heap before GC invocations=69 (full 0):
 garbage-first heap   total 438272K, used 189189K [0x0000000080000000, 0x0000000100000000)
  region size 1024K, 22 young (22528K), 21 survivors (21504K)
 Metaspace       used 142724K, committed 143680K, reserved 1179648K
  class space    used 19290K, committed 19776K, reserved 1048576K
}
Event: 1122.965 GC heap after
{Heap after GC invocations=70 (full 0):
 garbage-first heap   total 438272K, used 190837K [0x0000000080000000, 0x0000000100000000)
  region size 1024K, 3 young (3072K), 3 survivors (3072K)
 Metaspace       used 142724K, committed 143680K, reserved 1179648K
  class space    used 19290K, committed 19776K, reserved 1048576K
}
Event: 1124.548 GC heap before
{Heap before GC invocations=71 (full 0):
 garbage-first heap   total 438272K, used 213365K [0x0000000080000000, 0x0000000100000000)
  region size 1024K, 25 young (25600K), 3 survivors (3072K)
 Metaspace       used 142707K, committed 143744K, reserved 1179648K
  class space    used 19278K, committed 19776K, reserved 1048576K
}
Event: 1124.558 GC heap after
{Heap after GC invocations=72 (full 0):
 garbage-first heap   total 438272K, used 191979K [0x0000000080000000, 0x0000000100000000)
  region size 1024K, 4 young (4096K), 4 survivors (4096K)
 Metaspace       used 142707K, committed 143744K, reserved 1179648K
  class space    used 19278K, committed 19776K, reserved 1048576K
}
Event: 1124.726 GC heap before
{Heap before GC invocations=72 (full 0):
 garbage-first heap   total 438272K, used 209387K [0x0000000080000000, 0x0000000100000000)
  region size 1024K, 21 young (21504K), 4 survivors (4096K)
 Metaspace       used 142764K, committed 143744K, reserved 1179648K
  class space    used 19281K, committed 19776K, reserved 1048576K
}
Event: 1124.774 GC heap after
{Heap after GC invocations=73 (full 0):
 garbage-first heap   total 438272K, used 182721K [0x0000000080000000, 0x0000000100000000)
  region size 1024K, 2 young (2048K), 2 survivors (2048K)
 Metaspace       used 142764K, committed 143744K, reserved 1179648K
  class space    used 19281K, committed 19776K, reserved 1048576K
}
Event: 1125.062 GC heap before
{Heap before GC invocations=73 (full 0):
 garbage-first heap   total 438272K, used 202177K [0x0000000080000000, 0x0000000100000000)
  region size 1024K, 21 young (21504K), 2 survivors (2048K)
 Metaspace       used 142810K, committed 143744K, reserved 1179648K
  class space    used 19289K, committed 19776K, reserved 1048576K
}

