# JRE version: OpenJDK Runtime Environment (17.0.11) (build 17.0.11+0--11852314)
# Java VM: OpenJDK 64-Bit Server VM (17.0.11+0--11852314, mixed mode, tiered, compressed oops, compressed class ptrs, g1 gc, windows-amd64)
GC Precious Log:
 CPUs: 8 total, 8 available
 Memory: 7934M
 Large Page Support: Disabled
 NUMA Support: Disabled
 Compressed Oops: Enabled (32-bit)
 Heap Region Size: 1M
 Heap Min Capacity: 8M
 Heap Initial Capacity: 124M
 Heap Max Capacity: 2G
 Pre-touch: Disabled
 Parallel Workers: 8
 Concurrent Workers: 2
 Concurrent Refinement Workers: 8
 Periodic GC: Disabled
Heap:
 garbage-first heap   total 473088K, used 201595K [0x0000000080000000, 0x0000000100000000)
  region size 1024K, 8 young (8192K), 8 survivors (8192K)
 Metaspace       used 141128K, committed 142080K, reserved 1179648K
  class space    used 19126K, committed 19584K, reserved 1048576K
GC Heap History (20 events):
Event: 27.587 GC heap after
{Heap after GC invocations=42 (full 0):
 garbage-first heap   total 278528K, used 156881K [0x0000000080000000, 0x0000000100000000)
  region size 1024K, 5 young (5120K), 5 survivors (5120K)
 Metaspace       used 109525K, committed 110272K, reserved 1179648K
  class space    used 14651K, committed 15040K, reserved 1048576K
}
Event: 29.783 GC heap before
{Heap before GC invocations=42 (full 0):
 garbage-first heap   total 278528K, used 206033K [0x0000000080000000, 0x0000000100000000)
  region size 1024K, 55 young (56320K), 5 survivors (5120K)
 Metaspace       used 112834K, committed 113536K, reserved 1179648K
  class space    used 15026K, committed 15360K, reserved 1048576K
}
Event: 29.803 GC heap after
{Heap after GC invocations=43 (full 0):
 garbage-first heap   total 278528K, used 157895K [0x0000000080000000, 0x0000000100000000)
  region size 1024K, 6 young (6144K), 6 survivors (6144K)
 Metaspace       used 112834K, committed 113536K, reserved 1179648K
  class space    used 15026K, committed 15360K, reserved 1048576K
}
Event: 51.494 GC heap before
{Heap before GC invocations=44 (full 0):
 garbage-first heap   total 301056K, used 224455K [0x0000000080000000, 0x0000000100000000)
  region size 1024K, 74 young (75776K), 6 survivors (6144K)
 Metaspace       used 115791K, committed 116544K, reserved 1179648K
  class space    used 15310K, committed 15680K, reserved 1048576K
}
Event: 51.546 GC heap after
{Heap after GC invocations=45 (full 0):
 garbage-first heap   total 301056K, used 161013K [0x0000000080000000, 0x0000000100000000)
  region size 1024K, 10 young (10240K), 10 survivors (10240K)
 Metaspace       used 115791K, committed 116544K, reserved 1179648K
  class space    used 15310K, committed 15680K, reserved 1048576K
}
Event: 51.810 GC heap before
{Heap before GC invocations=45 (full 0):
 garbage-first heap   total 301056K, used 165109K [0x0000000080000000, 0x0000000100000000)
  region size 1024K, 14 young (14336K), 10 survivors (10240K)
 Metaspace       used 115893K, committed 116672K, reserved 1179648K
  class space    used 15313K, committed 15680K, reserved 1048576K
}
Event: 51.871 GC heap after
{Heap after GC invocations=46 (full 0):
 garbage-first heap   total 301056K, used 145015K [0x0000000080000000, 0x0000000100000000)
  region size 1024K, 2 young (2048K), 2 survivors (2048K)
 Metaspace       used 115893K, committed 116672K, reserved 1179648K
  class space    used 15313K, committed 15680K, reserved 1048576K
}
Event: 54.325 GC heap before
{Heap before GC invocations=46 (full 0):
 garbage-first heap   total 301056K, used 246391K [0x0000000080000000, 0x0000000100000000)
  region size 1024K, 98 young (100352K), 2 survivors (2048K)
 Metaspace       used 116361K, committed 117120K, reserved 1179648K
  class space    used 15338K, committed 15680K, reserved 1048576K
}
Event: 54.365 GC heap after
{Heap after GC invocations=47 (full 0):
 garbage-first heap   total 473088K, used 161769K [0x0000000080000000, 0x0000000100000000)
  region size 1024K, 13 young (13312K), 13 survivors (13312K)
 Metaspace       used 116361K, committed 117120K, reserved 1179648K
  class space    used 15338K, committed 15680K, reserved 1048576K
}
Event: 58.587 GC heap before
{Heap before GC invocations=48 (full 0):
 garbage-first heap   total 473088K, used 359401K [0x0000000080000000, 0x0000000100000000)
  region size 1024K, 210 young (215040K), 13 survivors (13312K)
 Metaspace       used 120452K, committed 121216K, reserved 1179648K
  class space    used 15854K, committed 16192K, reserved 1048576K
}
Event: 58.731 GC heap after
{Heap after GC invocations=49 (full 0):
 garbage-first heap   total 473088K, used 174533K [0x0000000080000000, 0x0000000100000000)
  region size 1024K, 27 young (27648K), 27 survivors (27648K)
 Metaspace       used 120452K, committed 121216K, reserved 1179648K
  class space    used 15854K, committed 16192K, reserved 1048576K
}
Event: 58.801 GC heap before
{Heap before GC invocations=49 (full 0):
 garbage-first heap   total 473088K, used 175557K [0x0000000080000000, 0x0000000100000000)
  region size 1024K, 28 young (28672K), 27 survivors (27648K)
 Metaspace       used 120567K, committed 121408K, reserved 1179648K
  class space    used 15871K, committed 16256K, reserved 1048576K
}
Event: 58.937 GC heap after
{Heap after GC invocations=50 (full 0):
 garbage-first heap   total 473088K, used 170363K [0x0000000080000000, 0x0000000100000000)
  region size 1024K, 4 young (4096K), 4 survivors (4096K)
 Metaspace       used 120567K, committed 121408K, reserved 1179648K
  class space    used 15871K, committed 16256K, reserved 1048576K
}
Event: 62.456 GC heap before
{Heap before GC invocations=50 (full 0):
 garbage-first heap   total 473088K, used 352635K [0x0000000080000000, 0x0000000100000000)
  region size 1024K, 183 young (187392K), 4 survivors (4096K)
 Metaspace       used 140494K, committed 141440K, reserved 1179648K
  class space    used 19039K, committed 19456K, reserved 1048576K
}
Event: 62.476 GC heap after
{Heap after GC invocations=51 (full 0):
 garbage-first heap   total 473088K, used 174232K [0x0000000080000000, 0x0000000100000000)
  region size 1024K, 8 young (8192K), 8 survivors (8192K)
 Metaspace       used 140494K, committed 141440K, reserved 1179648K
  class space    used 19039K, committed 19456K, reserved 1048576K
}
Event: 62.915 GC heap before
{Heap before GC invocations=51 (full 0):
 garbage-first heap   total 473088K, used 238744K [0x0000000080000000, 0x0000000100000000)
  region size 1024K, 17 young (17408K), 8 survivors (8192K)
 Metaspace       used 141128K, committed 142080K, reserved 1179648K
  class space    used 19126K, committed 19584K, reserved 1048576K
}
Event: 62.940 GC heap after
{Heap after GC invocations=52 (full 0):
 garbage-first heap   total 473088K, used 201511K [0x0000000080000000, 0x0000000100000000)
  region size 1024K, 8 young (8192K), 8 survivors (8192K)
 Metaspace       used 141128K, committed 142080K, reserved 1179648K
  class space    used 19126K, committed 19584K, reserved 1048576K
}
Event: 62.955 GC heap before
{Heap before GC invocations=52 (full 0):
 garbage-first heap   total 473088K, used 213799K [0x0000000080000000, 0x0000000100000000)
  region size 1024K, 9 young (9216K), 8 survivors (8192K)
 Metaspace       used 141128K, committed 142080K, reserved 1179648K
  class space    used 19126K, committed 19584K, reserved 1048576K
}
Event: 62.966 GC heap after
{Heap after GC invocations=53 (full 0):
 garbage-first heap   total 473088K, used 201595K [0x0000000080000000, 0x0000000100000000)
  region size 1024K, 8 young (8192K), 8 survivors (8192K)
 Metaspace       used 141128K, committed 142080K, reserved 1179648K
  class space    used 19126K, committed 19584K, reserved 1048576K
}
Event: 62.972 GC heap before
{Heap before GC invocations=53 (full 0):
 garbage-first heap   total 473088K, used 207739K [0x0000000080000000, 0x0000000100000000)
  region size 1024K, 9 young (9216K), 8 survivors (8192K)
 Metaspace       used 141128K, committed 142080K, reserved 1179648K
  class space    used 19126K, committed 19584K, reserved 1048576K
}

